[1703337834.906][INFO]: Starting ChromeDriver 120.0.6099.109 (3419140ab665596f21b385ce136419fde0924272-refs/branch-heads/6099@{#1483}) on port 45146
[1703337834.906][INFO]: Please see https://chromedriver.chromium.org/security-considerations for suggestions on keeping ChromeDriver safe.
[1703337835.064][INFO]: [87b5a6570b27a2b3f49c19880c8c40ee] COMMAND InitSession {
   "capabilities": {
      "firstMatch": [ {
         "browserName": "chrome",
         "goog:chromeOptions": {
            "args": [  ],
            "extensions": [  ]
         },
         "goog:loggingPrefs": {
            "browser": "ALL",
            "driver": "ALL"
         }
      } ]
   }
}
[1703337835.064][INFO]: Browser search. Trying... C:\Users\TAHSEEN\.cache\selenium\chromedriver\win64\120.0.6099.109\chrome.exe
[1703337835.064][INFO]: Browser search. Trying... C:\Users\TAHSEEN\.cache\selenium\chromedriver\win64\120.0.6099.109\chrome.exe
[1703337835.064][INFO]: Browser search. Trying... C:\Users\TAHSEEN\.cache\selenium\chromedriver\win64\120.0.6099.109\chromium.exe
[1703337835.066][INFO]: Browser search. Trying... C:\Users\TAHSEEN\AppData\Local\Google\Chrome\Application\chrome.exe
[1703337835.066][INFO]: Browser search. Trying... C:\Program Files\Google\Chrome\Application\chrome.exe
[1703337835.066][INFO]: Browser search. Found at  C:\Program Files\Google\Chrome\Application\chrome.exe
[1703337835.067][INFO]: Populating Preferences file: {
   "alternate_error_pages": {
      "enabled": false
   },
   "autofill": {
      "enabled": false
   },
   "browser": {
      "check_default_browser": false
   },
   "distribution": {
      "import_bookmarks": false,
      "import_history": false,
      "import_search_engine": false,
      "make_chrome_default_for_user": false,
      "skip_first_run_ui": true
   },
   "dns_prefetching": {
      "enabled": false
   },
   "profile": {
      "content_settings": {
         "pattern_pairs": {
            "https://*,*": {
               "media-stream": {
                  "audio": "Default",
                  "video": "Default"
               }
            }
         }
      },
      "default_content_setting_values": {
         "geolocation": 1
      },
      "default_content_settings": {
         "geolocation": 1,
         "mouselock": 1,
         "notifications": 1,
         "popups": 1,
         "ppapi-broker": 1
      },
      "password_manager_enabled": false
   },
   "safebrowsing": {
      "enabled": false
   },
   "search": {
      "suggest_enabled": false
   },
   "translate": {
      "enabled": false
   }
}
[1703337835.068][INFO]: Populating Local State file: {
   "background_mode": {
      "enabled": false
   },
   "ssl": {
      "rev_checking": {
         "enabled": false
      }
   }
}
[1703337835.069][INFO]: ChromeDriver supports communication with Chrome via pipes. This is more reliable and more secure.
[1703337835.069][INFO]: Use the --remote-debugging-pipe Chrome switch instead of the default --remote-debugging-port to enable this communication mode.
[1703337835.070][INFO]: Launching chrome: "C:\Program Files\Google\Chrome\Application\chrome.exe" --allow-pre-commit-input --disable-background-networking --disable-backgrounding-occluded-windows --disable-client-side-phishing-detection --disable-default-apps --disable-hang-monitor --disable-popup-blocking --disable-prompt-on-repost --disable-sync --enable-automation --enable-logging --log-level=0 --no-first-run --no-service-autorun --password-store=basic --remote-debugging-port=0 --test-type=webdriver --use-mock-keychain --user-data-dir="C:\Users\TAHSEEN\AppData\Local\Temp\scoped_dir25336_2129786610" data:,
[1703337835.583][INFO]: resolved localhost to ["::1","127.0.0.1"]
[1703337835.586][INFO]: [87b5a6570b27a2b3f49c19880c8c40ee] RESPONSE InitSession {
   "capabilities": {
      "acceptInsecureCerts": false,
      "browserName": "chrome",
      "browserVersion": "120.0.6099.111",
      "chrome": {
         "chromedriverVersion": "120.0.6099.109 (3419140ab665596f21b385ce136419fde0924272-refs/branch-heads/6099@{#1483})",
         "userDataDir": "C:\\Users\\TAHSEEN\\AppData\\Local\\Temp\\scoped_dir25336_2129786610"
      },
      "fedcm:accounts": true,
      "goog:chromeOptions": {
         "debuggerAddress": "localhost:62240"
      },
      "networkConnectionEnabled": false,
      "pageLoadStrategy": "normal",
      "platformName": "windows",
      "proxy": {
      },
      "setWindowRect": true,
      "strictFileInteractability": false,
      "timeouts": {
         "implicit": 0,
         "pageLoad": 300000,
         "script": 30000
      },
      "unhandledPromptBehavior": "dismiss and notify",
      "webauthn:extension:credBlob": true,
      "webauthn:extension:largeBlob": true,
      "webauthn:extension:minPinLength": true,
      "webauthn:extension:prf": true,
      "webauthn:virtualAuthenticators": true
   },
   "sessionId": "87b5a6570b27a2b3f49c19880c8c40ee"
}
[1703337835.678][INFO]: [87b5a6570b27a2b3f49c19880c8c40ee] COMMAND MaximizeWindow {
}
[1703337835.678][INFO]: Waiting for pending navigations...
[1703337835.680][INFO]: Done waiting for pending navigations. Status: ok
[1703337835.792][INFO]: Waiting for pending navigations...
[1703337835.793][INFO]: Done waiting for pending navigations. Status: ok
[1703337835.793][INFO]: [87b5a6570b27a2b3f49c19880c8c40ee] RESPONSE MaximizeWindow {
   "height": 818,
   "width": 1496,
   "x": -6,
   "y": -6
}
[1703337835.798][INFO]: [87b5a6570b27a2b3f49c19880c8c40ee] COMMAND SetTimeouts {
   "implicit": 30000
}
[1703337835.798][INFO]: [87b5a6570b27a2b3f49c19880c8c40ee] RESPONSE SetTimeouts
[1703337835.801][INFO]: [87b5a6570b27a2b3f49c19880c8c40ee] COMMAND Navigate {
   "url": "https://www.google.com"
}
[1703337835.801][INFO]: Waiting for pending navigations...
[1703337835.801][INFO]: Done waiting for pending navigations. Status: ok
[1703337836.576][INFO]: Waiting for pending navigations...
[1703337837.742][INFO]: Done waiting for pending navigations. Status: ok
[1703337837.742][INFO]: [87b5a6570b27a2b3f49c19880c8c40ee] RESPONSE Navigate
[1703337837.744][INFO]: [87b5a6570b27a2b3f49c19880c8c40ee] COMMAND GetUrl {
}
[1703337837.744][INFO]: Waiting for pending navigations...
[1703337837.745][INFO]: Done waiting for pending navigations. Status: ok
[1703337837.749][INFO]: Waiting for pending navigations...
[1703337837.749][INFO]: Done waiting for pending navigations. Status: ok
[1703337837.749][INFO]: [87b5a6570b27a2b3f49c19880c8c40ee] RESPONSE GetUrl "https://www.google.com/"
[1703337837.752][INFO]: [87b5a6570b27a2b3f49c19880c8c40ee] COMMAND FindElement {
   "using": "css selector",
   "value": "#APjFqb"
}
[1703337837.752][INFO]: Waiting for pending navigations...
[1703337837.753][INFO]: Done waiting for pending navigations. Status: ok
[1703337837.758][INFO]: Waiting for pending navigations...
[1703337837.759][INFO]: Done waiting for pending navigations. Status: ok
[1703337837.759][INFO]: [87b5a6570b27a2b3f49c19880c8c40ee] RESPONSE FindElement {
   "element-6066-11e4-a52e-4f735466cecf": "F160573A829FF9125EAF16D80BFB009E_element_2"
}
[1703337837.763][INFO]: [87b5a6570b27a2b3f49c19880c8c40ee] COMMAND TypeElement {
   "id": "F160573A829FF9125EAF16D80BFB009E_element_2",
   "text": "calculator",
   "value": [ "c", "a", "l", "c", "u", "l", "a", "t", "o", "r" ]
}
[1703337837.763][INFO]: Waiting for pending navigations...
[1703337837.764][INFO]: Done waiting for pending navigations. Status: ok
[1703337837.798][INFO]: Waiting for pending navigations...
[1703337837.799][INFO]: Done waiting for pending navigations. Status: ok
[1703337837.799][INFO]: [87b5a6570b27a2b3f49c19880c8c40ee] RESPONSE TypeElement
[1703337837.806][INFO]: [87b5a6570b27a2b3f49c19880c8c40ee] COMMAND TypeElement {
   "id": "F160573A829FF9125EAF16D80BFB009E_element_2",
   "text": "",
   "value": [ "" ]
}
[1703337837.806][INFO]: Waiting for pending navigations...
[1703337837.806][INFO]: Done waiting for pending navigations. Status: ok
[1703337837.820][INFO]: Waiting for pending navigations...
[1703337838.083][INFO]: Done waiting for pending navigations. Status: ok
[1703337838.083][INFO]: [87b5a6570b27a2b3f49c19880c8c40ee] RESPONSE TypeElement
[1703337838.086][INFO]: [87b5a6570b27a2b3f49c19880c8c40ee] COMMAND FindElement {
   "using": "xpath",
   "value": "//span[@jsname='VssY5c']"
}
[1703337838.086][INFO]: Waiting for pending navigations...
[1703337838.086][INFO]: Done waiting for pending navigations. Status: ok
[1703337838.284][INFO]: Waiting for pending navigations...
[1703337839.676][INFO]: Done waiting for pending navigations. Status: ok
[1703337839.676][INFO]: [87b5a6570b27a2b3f49c19880c8c40ee] RESPONSE FindElement {
   "element-6066-11e4-a52e-4f735466cecf": "D821F7FF3E1483A5F0DFE4A6F3BFC188_element_24"
}
[1703337839.679][INFO]: [87b5a6570b27a2b3f49c19880c8c40ee] COMMAND GetElementText {
   "id": "D821F7FF3E1483A5F0DFE4A6F3BFC188_element_24"
}
[1703337839.679][INFO]: Waiting for pending navigations...
[1703337839.679][INFO]: Done waiting for pending navigations. Status: ok
[1703337839.687][INFO]: Waiting for pending navigations...
[1703337839.687][INFO]: Done waiting for pending navigations. Status: ok
[1703337839.687][INFO]: [87b5a6570b27a2b3f49c19880c8c40ee] RESPONSE GetElementText "0"
[1703337839.690][INFO]: [87b5a6570b27a2b3f49c19880c8c40ee] COMMAND FindElement {
   "using": "xpath",
   "value": "//div[text()='5']"
}
[1703337839.690][INFO]: Waiting for pending navigations...
[1703337839.690][INFO]: Done waiting for pending navigations. Status: ok
[1703337839.696][INFO]: Waiting for pending navigations...
[1703337839.696][INFO]: Done waiting for pending navigations. Status: ok
[1703337839.696][INFO]: [87b5a6570b27a2b3f49c19880c8c40ee] RESPONSE FindElement {
   "element-6066-11e4-a52e-4f735466cecf": "D821F7FF3E1483A5F0DFE4A6F3BFC188_element_37"
}
[1703337839.698][INFO]: [87b5a6570b27a2b3f49c19880c8c40ee] COMMAND ClickElement {
   "id": "D821F7FF3E1483A5F0DFE4A6F3BFC188_element_37"
}
[1703337839.698][INFO]: Waiting for pending navigations...
[1703337839.698][INFO]: Done waiting for pending navigations. Status: ok
[1703337839.725][INFO]: Waiting for pending navigations...
[1703337839.726][INFO]: Done waiting for pending navigations. Status: ok
[1703337839.726][INFO]: [87b5a6570b27a2b3f49c19880c8c40ee] RESPONSE ClickElement
[1703337839.729][INFO]: [87b5a6570b27a2b3f49c19880c8c40ee] COMMAND FindElement {
   "using": "xpath",
   "value": "//div[text()='+']"
}
[1703337839.729][INFO]: Waiting for pending navigations...
[1703337839.729][INFO]: Done waiting for pending navigations. Status: ok
[1703337839.736][INFO]: Waiting for pending navigations...
[1703337839.736][INFO]: Done waiting for pending navigations. Status: ok
[1703337839.736][INFO]: [87b5a6570b27a2b3f49c19880c8c40ee] RESPONSE FindElement {
   "element-6066-11e4-a52e-4f735466cecf": "D821F7FF3E1483A5F0DFE4A6F3BFC188_element_38"
}
[1703337839.739][INFO]: [87b5a6570b27a2b3f49c19880c8c40ee] COMMAND ClickElement {
   "id": "D821F7FF3E1483A5F0DFE4A6F3BFC188_element_38"
}
[1703337839.739][INFO]: Waiting for pending navigations...
[1703337839.740][INFO]: Done waiting for pending navigations. Status: ok
[1703337839.760][INFO]: Waiting for pending navigations...
[1703337839.761][INFO]: Done waiting for pending navigations. Status: ok
[1703337839.761][INFO]: [87b5a6570b27a2b3f49c19880c8c40ee] RESPONSE ClickElement
[1703337839.764][INFO]: [87b5a6570b27a2b3f49c19880c8c40ee] COMMAND FindElement {
   "using": "xpath",
   "value": "//div[text()='7']"
}
[1703337839.764][INFO]: Waiting for pending navigations...
[1703337839.764][INFO]: Done waiting for pending navigations. Status: ok
[1703337839.771][INFO]: Waiting for pending navigations...
[1703337839.771][INFO]: Done waiting for pending navigations. Status: ok
[1703337839.771][INFO]: [87b5a6570b27a2b3f49c19880c8c40ee] RESPONSE FindElement {
   "element-6066-11e4-a52e-4f735466cecf": "D821F7FF3E1483A5F0DFE4A6F3BFC188_element_39"
}
[1703337839.773][INFO]: [87b5a6570b27a2b3f49c19880c8c40ee] COMMAND ClickElement {
   "id": "D821F7FF3E1483A5F0DFE4A6F3BFC188_element_39"
}
[1703337839.773][INFO]: Waiting for pending navigations...
[1703337839.774][INFO]: Done waiting for pending navigations. Status: ok
[1703337839.792][INFO]: Waiting for pending navigations...
[1703337839.793][INFO]: Done waiting for pending navigations. Status: ok
[1703337839.793][INFO]: [87b5a6570b27a2b3f49c19880c8c40ee] RESPONSE ClickElement
[1703337839.795][INFO]: [87b5a6570b27a2b3f49c19880c8c40ee] COMMAND FindElement {
   "using": "xpath",
   "value": "//div[text()='=']"
}
[1703337839.795][INFO]: Waiting for pending navigations...
[1703337839.796][INFO]: Done waiting for pending navigations. Status: ok
[1703337839.802][INFO]: Waiting for pending navigations...
[1703337839.802][INFO]: Done waiting for pending navigations. Status: ok
[1703337839.802][INFO]: [87b5a6570b27a2b3f49c19880c8c40ee] RESPONSE FindElement {
   "element-6066-11e4-a52e-4f735466cecf": "D821F7FF3E1483A5F0DFE4A6F3BFC188_element_40"
}
[1703337839.804][INFO]: [87b5a6570b27a2b3f49c19880c8c40ee] COMMAND ClickElement {
   "id": "D821F7FF3E1483A5F0DFE4A6F3BFC188_element_40"
}
[1703337839.804][INFO]: Waiting for pending navigations...
[1703337839.805][INFO]: Done waiting for pending navigations. Status: ok
[1703337839.827][INFO]: Waiting for pending navigations...
[1703337839.832][INFO]: Done waiting for pending navigations. Status: ok
[1703337839.832][INFO]: [87b5a6570b27a2b3f49c19880c8c40ee] RESPONSE ClickElement
[1703337841.836][INFO]: [87b5a6570b27a2b3f49c19880c8c40ee] COMMAND FindElement {
   "using": "xpath",
   "value": "//span[@jsname='VssY5c']"
}
[1703337841.836][INFO]: Waiting for pending navigations...
[1703337841.837][INFO]: Done waiting for pending navigations. Status: ok
[1703337841.842][INFO]: Waiting for pending navigations...
[1703337841.843][INFO]: Done waiting for pending navigations. Status: ok
[1703337841.843][INFO]: [87b5a6570b27a2b3f49c19880c8c40ee] RESPONSE FindElement {
   "element-6066-11e4-a52e-4f735466cecf": "D821F7FF3E1483A5F0DFE4A6F3BFC188_element_24"
}
[1703337841.845][INFO]: [87b5a6570b27a2b3f49c19880c8c40ee] COMMAND GetElementText {
   "id": "D821F7FF3E1483A5F0DFE4A6F3BFC188_element_24"
}
[1703337841.845][INFO]: Waiting for pending navigations...
[1703337841.845][INFO]: Done waiting for pending navigations. Status: ok
[1703337841.849][INFO]: Waiting for pending navigations...
[1703337841.849][INFO]: Done waiting for pending navigations. Status: ok
[1703337841.849][INFO]: [87b5a6570b27a2b3f49c19880c8c40ee] RESPONSE GetElementText "12"
[1703337841.851][INFO]: [87b5a6570b27a2b3f49c19880c8c40ee] COMMAND FindElement {
   "using": "xpath",
   "value": "//div[text()='AC']"
}
[1703337841.851][INFO]: Waiting for pending navigations...
[1703337841.852][INFO]: Done waiting for pending navigations. Status: ok
[1703337841.857][INFO]: Waiting for pending navigations...
[1703337841.858][INFO]: Done waiting for pending navigations. Status: ok
[1703337841.858][INFO]: [87b5a6570b27a2b3f49c19880c8c40ee] RESPONSE FindElement {
   "element-6066-11e4-a52e-4f735466cecf": "D821F7FF3E1483A5F0DFE4A6F3BFC188_element_45"
}
[1703337841.859][INFO]: [87b5a6570b27a2b3f49c19880c8c40ee] COMMAND ClickElement {
   "id": "D821F7FF3E1483A5F0DFE4A6F3BFC188_element_45"
}
[1703337841.859][INFO]: Waiting for pending navigations...
[1703337841.860][INFO]: Done waiting for pending navigations. Status: ok
[1703337841.878][INFO]: Waiting for pending navigations...
[1703337841.880][INFO]: Done waiting for pending navigations. Status: ok
[1703337841.880][INFO]: [87b5a6570b27a2b3f49c19880c8c40ee] RESPONSE ClickElement
[1703337842.897][INFO]: [87b5a6570b27a2b3f49c19880c8c40ee] COMMAND FindElement {
   "using": "xpath",
   "value": "//div[text()='1']"
}
[1703337842.897][INFO]: Waiting for pending navigations...
[1703337842.899][INFO]: Done waiting for pending navigations. Status: ok
[1703337842.905][INFO]: Waiting for pending navigations...
[1703337842.906][INFO]: Done waiting for pending navigations. Status: ok
[1703337842.906][INFO]: [87b5a6570b27a2b3f49c19880c8c40ee] RESPONSE FindElement {
   "element-6066-11e4-a52e-4f735466cecf": "D821F7FF3E1483A5F0DFE4A6F3BFC188_element_46"
}
[1703337842.908][INFO]: [87b5a6570b27a2b3f49c19880c8c40ee] COMMAND ClickElement {
   "id": "D821F7FF3E1483A5F0DFE4A6F3BFC188_element_46"
}
[1703337842.908][INFO]: Waiting for pending navigations...
[1703337842.908][INFO]: Done waiting for pending navigations. Status: ok
[1703337842.927][INFO]: Waiting for pending navigations...
[1703337842.928][INFO]: Done waiting for pending navigations. Status: ok
[1703337842.928][INFO]: [87b5a6570b27a2b3f49c19880c8c40ee] RESPONSE ClickElement
[1703337842.931][INFO]: [87b5a6570b27a2b3f49c19880c8c40ee] COMMAND FindElement {
   "using": "xpath",
   "value": "//div[text()='5']"
}
[1703337842.931][INFO]: Waiting for pending navigations...
[1703337842.932][INFO]: Done waiting for pending navigations. Status: ok
[1703337842.935][INFO]: Waiting for pending navigations...
[1703337842.935][INFO]: Done waiting for pending navigations. Status: ok
[1703337842.935][INFO]: [87b5a6570b27a2b3f49c19880c8c40ee] RESPONSE FindElement {
   "element-6066-11e4-a52e-4f735466cecf": "D821F7FF3E1483A5F0DFE4A6F3BFC188_element_37"
}
[1703337842.937][INFO]: [87b5a6570b27a2b3f49c19880c8c40ee] COMMAND ClickElement {
   "id": "D821F7FF3E1483A5F0DFE4A6F3BFC188_element_37"
}
[1703337842.938][INFO]: Waiting for pending navigations...
[1703337842.938][INFO]: Done waiting for pending navigations. Status: ok
[1703337842.954][INFO]: Waiting for pending navigations...
[1703337842.954][INFO]: Done waiting for pending navigations. Status: ok
[1703337842.954][INFO]: [87b5a6570b27a2b3f49c19880c8c40ee] RESPONSE ClickElement
[1703337842.957][INFO]: [87b5a6570b27a2b3f49c19880c8c40ee] COMMAND FindElement {
   "using": "xpath",
   "value": "//div[@jsname='pPHzQc']"
}
[1703337842.957][INFO]: Waiting for pending navigations...
[1703337842.958][INFO]: Done waiting for pending navigations. Status: ok
[1703337842.964][INFO]: Waiting for pending navigations...
[1703337842.965][INFO]: Done waiting for pending navigations. Status: ok
[1703337842.965][INFO]: [87b5a6570b27a2b3f49c19880c8c40ee] RESPONSE FindElement {
   "element-6066-11e4-a52e-4f735466cecf": "D821F7FF3E1483A5F0DFE4A6F3BFC188_element_47"
}
[1703337842.967][INFO]: [87b5a6570b27a2b3f49c19880c8c40ee] COMMAND ClickElement {
   "id": "D821F7FF3E1483A5F0DFE4A6F3BFC188_element_47"
}
[1703337842.967][INFO]: Waiting for pending navigations...
[1703337842.969][INFO]: Done waiting for pending navigations. Status: ok
[1703337842.986][INFO]: Waiting for pending navigations...
[1703337842.987][INFO]: Done waiting for pending navigations. Status: ok
[1703337842.987][INFO]: [87b5a6570b27a2b3f49c19880c8c40ee] RESPONSE ClickElement
[1703337842.989][INFO]: [87b5a6570b27a2b3f49c19880c8c40ee] COMMAND FindElement {
   "using": "xpath",
   "value": "//div[text()='8']"
}
[1703337842.989][INFO]: Waiting for pending navigations...
[1703337842.989][INFO]: Done waiting for pending navigations. Status: ok
[1703337842.995][INFO]: Waiting for pending navigations...
[1703337842.996][INFO]: Done waiting for pending navigations. Status: ok
[1703337842.996][INFO]: [87b5a6570b27a2b3f49c19880c8c40ee] RESPONSE FindElement {
   "element-6066-11e4-a52e-4f735466cecf": "D821F7FF3E1483A5F0DFE4A6F3BFC188_element_48"
}
[1703337842.998][INFO]: [87b5a6570b27a2b3f49c19880c8c40ee] COMMAND ClickElement {
   "id": "D821F7FF3E1483A5F0DFE4A6F3BFC188_element_48"
}
[1703337842.998][INFO]: Waiting for pending navigations...
[1703337842.998][INFO]: Done waiting for pending navigations. Status: ok
[1703337843.016][INFO]: Waiting for pending navigations...
[1703337843.017][INFO]: Done waiting for pending navigations. Status: ok
[1703337843.017][INFO]: [87b5a6570b27a2b3f49c19880c8c40ee] RESPONSE ClickElement
[1703337843.019][INFO]: [87b5a6570b27a2b3f49c19880c8c40ee] COMMAND FindElement {
   "using": "xpath",
   "value": "//div[text()='=']"
}
[1703337843.019][INFO]: Waiting for pending navigations...
[1703337843.020][INFO]: Done waiting for pending navigations. Status: ok
[1703337843.023][INFO]: Waiting for pending navigations...
[1703337843.024][INFO]: Done waiting for pending navigations. Status: ok
[1703337843.024][INFO]: [87b5a6570b27a2b3f49c19880c8c40ee] RESPONSE FindElement {
   "element-6066-11e4-a52e-4f735466cecf": "D821F7FF3E1483A5F0DFE4A6F3BFC188_element_40"
}
[1703337843.025][INFO]: [87b5a6570b27a2b3f49c19880c8c40ee] COMMAND ClickElement {
   "id": "D821F7FF3E1483A5F0DFE4A6F3BFC188_element_40"
}
[1703337843.025][INFO]: Waiting for pending navigations...
[1703337843.026][INFO]: Done waiting for pending navigations. Status: ok
[1703337843.043][INFO]: Waiting for pending navigations...
[1703337843.045][INFO]: Done waiting for pending navigations. Status: ok
[1703337843.045][INFO]: [87b5a6570b27a2b3f49c19880c8c40ee] RESPONSE ClickElement
[1703337843.047][INFO]: [87b5a6570b27a2b3f49c19880c8c40ee] COMMAND FindElement {
   "using": "xpath",
   "value": "//span[@jsname='VssY5c']"
}
[1703337843.047][INFO]: Waiting for pending navigations...
[1703337843.047][INFO]: Done waiting for pending navigations. Status: ok
[1703337843.051][INFO]: Waiting for pending navigations...
[1703337843.052][INFO]: Done waiting for pending navigations. Status: ok
[1703337843.052][INFO]: [87b5a6570b27a2b3f49c19880c8c40ee] RESPONSE FindElement {
   "element-6066-11e4-a52e-4f735466cecf": "D821F7FF3E1483A5F0DFE4A6F3BFC188_element_24"
}
[1703337843.054][INFO]: [87b5a6570b27a2b3f49c19880c8c40ee] COMMAND GetElementText {
   "id": "D821F7FF3E1483A5F0DFE4A6F3BFC188_element_24"
}
[1703337843.054][INFO]: Waiting for pending navigations...
[1703337843.054][INFO]: Done waiting for pending navigations. Status: ok
[1703337843.058][INFO]: Waiting for pending navigations...
[1703337843.058][INFO]: Done waiting for pending navigations. Status: ok
[1703337843.058][INFO]: [87b5a6570b27a2b3f49c19880c8c40ee] RESPONSE GetElementText "7"
[1703337843.061][INFO]: [87b5a6570b27a2b3f49c19880c8c40ee] COMMAND FindElement {
   "using": "xpath",
   "value": "//div[text()='AC']"
}
[1703337843.061][INFO]: Waiting for pending navigations...
[1703337843.062][INFO]: Done waiting for pending navigations. Status: ok
[1703337843.065][INFO]: Waiting for pending navigations...
[1703337843.066][INFO]: Done waiting for pending navigations. Status: ok
[1703337843.066][INFO]: [87b5a6570b27a2b3f49c19880c8c40ee] RESPONSE FindElement {
   "element-6066-11e4-a52e-4f735466cecf": "D821F7FF3E1483A5F0DFE4A6F3BFC188_element_45"
}
[1703337843.068][INFO]: [87b5a6570b27a2b3f49c19880c8c40ee] COMMAND ClickElement {
   "id": "D821F7FF3E1483A5F0DFE4A6F3BFC188_element_45"
}
[1703337843.068][INFO]: Waiting for pending navigations...
[1703337843.069][INFO]: Done waiting for pending navigations. Status: ok
[1703337843.088][INFO]: Waiting for pending navigations...
[1703337843.090][INFO]: Done waiting for pending navigations. Status: ok
[1703337843.090][INFO]: [87b5a6570b27a2b3f49c19880c8c40ee] RESPONSE ClickElement
[1703337845.101][INFO]: [87b5a6570b27a2b3f49c19880c8c40ee] COMMAND FindElement {
   "using": "xpath",
   "value": "//div[text()='1']"
}
[1703337845.101][INFO]: Waiting for pending navigations...
[1703337845.102][INFO]: Done waiting for pending navigations. Status: ok
[1703337845.107][INFO]: Waiting for pending navigations...
[1703337845.107][INFO]: Done waiting for pending navigations. Status: ok
[1703337845.107][INFO]: [87b5a6570b27a2b3f49c19880c8c40ee] RESPONSE FindElement {
   "element-6066-11e4-a52e-4f735466cecf": "D821F7FF3E1483A5F0DFE4A6F3BFC188_element_46"
}
[1703337845.110][INFO]: [87b5a6570b27a2b3f49c19880c8c40ee] COMMAND ClickElement {
   "id": "D821F7FF3E1483A5F0DFE4A6F3BFC188_element_46"
}
[1703337845.110][INFO]: Waiting for pending navigations...
[1703337845.110][INFO]: Done waiting for pending navigations. Status: ok
[1703337845.127][INFO]: Waiting for pending navigations...
[1703337845.128][INFO]: Done waiting for pending navigations. Status: ok
[1703337845.128][INFO]: [87b5a6570b27a2b3f49c19880c8c40ee] RESPONSE ClickElement
[1703337845.131][INFO]: [87b5a6570b27a2b3f49c19880c8c40ee] COMMAND FindElement {
   "using": "xpath",
   "value": "//div[text()='0']"
}
[1703337845.131][INFO]: Waiting for pending navigations...
[1703337845.132][INFO]: Done waiting for pending navigations. Status: ok
[1703337845.138][INFO]: Waiting for pending navigations...
[1703337845.139][INFO]: Done waiting for pending navigations. Status: ok
[1703337845.139][INFO]: [87b5a6570b27a2b3f49c19880c8c40ee] RESPONSE FindElement {
   "element-6066-11e4-a52e-4f735466cecf": "D821F7FF3E1483A5F0DFE4A6F3BFC188_element_52"
}
[1703337845.142][INFO]: [87b5a6570b27a2b3f49c19880c8c40ee] COMMAND ClickElement {
   "id": "D821F7FF3E1483A5F0DFE4A6F3BFC188_element_52"
}
[1703337845.142][INFO]: Waiting for pending navigations...
[1703337845.142][INFO]: Done waiting for pending navigations. Status: ok
[1703337845.159][INFO]: Waiting for pending navigations...
[1703337845.160][INFO]: Done waiting for pending navigations. Status: ok
[1703337845.160][INFO]: [87b5a6570b27a2b3f49c19880c8c40ee] RESPONSE ClickElement
[1703337845.163][INFO]: [87b5a6570b27a2b3f49c19880c8c40ee] COMMAND FindElement {
   "using": "xpath",
   "value": "//div[@jsname='YovRWb']"
}
[1703337845.163][INFO]: Waiting for pending navigations...
[1703337845.163][INFO]: Done waiting for pending navigations. Status: ok
[1703337845.169][INFO]: Waiting for pending navigations...
[1703337845.170][INFO]: Done waiting for pending navigations. Status: ok
[1703337845.170][INFO]: [87b5a6570b27a2b3f49c19880c8c40ee] RESPONSE FindElement {
   "element-6066-11e4-a52e-4f735466cecf": "D821F7FF3E1483A5F0DFE4A6F3BFC188_element_53"
}
[1703337845.172][INFO]: [87b5a6570b27a2b3f49c19880c8c40ee] COMMAND ClickElement {
   "id": "D821F7FF3E1483A5F0DFE4A6F3BFC188_element_53"
}
[1703337845.172][INFO]: Waiting for pending navigations...
[1703337845.172][INFO]: Done waiting for pending navigations. Status: ok
[1703337845.189][INFO]: Waiting for pending navigations...
[1703337845.190][INFO]: Done waiting for pending navigations. Status: ok
[1703337845.190][INFO]: [87b5a6570b27a2b3f49c19880c8c40ee] RESPONSE ClickElement
[1703337845.193][INFO]: [87b5a6570b27a2b3f49c19880c8c40ee] COMMAND FindElement {
   "using": "xpath",
   "value": "//div[text()='3']"
}
[1703337845.193][INFO]: Waiting for pending navigations...
[1703337845.193][INFO]: Done waiting for pending navigations. Status: ok
[1703337845.199][INFO]: Waiting for pending navigations...
[1703337845.200][INFO]: Done waiting for pending navigations. Status: ok
[1703337845.200][INFO]: [87b5a6570b27a2b3f49c19880c8c40ee] RESPONSE FindElement {
   "element-6066-11e4-a52e-4f735466cecf": "D821F7FF3E1483A5F0DFE4A6F3BFC188_element_54"
}
[1703337845.202][INFO]: [87b5a6570b27a2b3f49c19880c8c40ee] COMMAND ClickElement {
   "id": "D821F7FF3E1483A5F0DFE4A6F3BFC188_element_54"
}
[1703337845.202][INFO]: Waiting for pending navigations...
[1703337845.202][INFO]: Done waiting for pending navigations. Status: ok
[1703337845.221][INFO]: Waiting for pending navigations...
[1703337845.221][INFO]: Done waiting for pending navigations. Status: ok
[1703337845.221][INFO]: [87b5a6570b27a2b3f49c19880c8c40ee] RESPONSE ClickElement
[1703337845.224][INFO]: [87b5a6570b27a2b3f49c19880c8c40ee] COMMAND FindElement {
   "using": "xpath",
   "value": "//div[text()='=']"
}
[1703337845.224][INFO]: Waiting for pending navigations...
[1703337845.224][INFO]: Done waiting for pending navigations. Status: ok
[1703337845.228][INFO]: Waiting for pending navigations...
[1703337845.228][INFO]: Done waiting for pending navigations. Status: ok
[1703337845.228][INFO]: [87b5a6570b27a2b3f49c19880c8c40ee] RESPONSE FindElement {
   "element-6066-11e4-a52e-4f735466cecf": "D821F7FF3E1483A5F0DFE4A6F3BFC188_element_40"
}
[1703337845.230][INFO]: [87b5a6570b27a2b3f49c19880c8c40ee] COMMAND ClickElement {
   "id": "D821F7FF3E1483A5F0DFE4A6F3BFC188_element_40"
}
[1703337845.230][INFO]: Waiting for pending navigations...
[1703337845.231][INFO]: Done waiting for pending navigations. Status: ok
[1703337845.248][INFO]: Waiting for pending navigations...
[1703337845.249][INFO]: Done waiting for pending navigations. Status: ok
[1703337845.249][INFO]: [87b5a6570b27a2b3f49c19880c8c40ee] RESPONSE ClickElement
[1703337847.256][INFO]: [87b5a6570b27a2b3f49c19880c8c40ee] COMMAND FindElement {
   "using": "xpath",
   "value": "//span[@jsname='VssY5c']"
}
[1703337847.257][INFO]: Waiting for pending navigations...
[1703337847.257][INFO]: Done waiting for pending navigations. Status: ok
[1703337847.262][INFO]: Waiting for pending navigations...
[1703337847.262][INFO]: Done waiting for pending navigations. Status: ok
[1703337847.262][INFO]: [87b5a6570b27a2b3f49c19880c8c40ee] RESPONSE FindElement {
   "element-6066-11e4-a52e-4f735466cecf": "D821F7FF3E1483A5F0DFE4A6F3BFC188_element_24"
}
[1703337847.264][INFO]: [87b5a6570b27a2b3f49c19880c8c40ee] COMMAND GetElementText {
   "id": "D821F7FF3E1483A5F0DFE4A6F3BFC188_element_24"
}
[1703337847.264][INFO]: Waiting for pending navigations...
[1703337847.264][INFO]: Done waiting for pending navigations. Status: ok
[1703337847.268][INFO]: Waiting for pending navigations...
[1703337847.268][INFO]: Done waiting for pending navigations. Status: ok
[1703337847.268][INFO]: [87b5a6570b27a2b3f49c19880c8c40ee] RESPONSE GetElementText "30"
[1703337847.270][INFO]: [87b5a6570b27a2b3f49c19880c8c40ee] COMMAND FindElement {
   "using": "xpath",
   "value": "//div[text()='AC']"
}
[1703337847.270][INFO]: Waiting for pending navigations...
[1703337847.270][INFO]: Done waiting for pending navigations. Status: ok
[1703337847.273][INFO]: Waiting for pending navigations...
[1703337847.273][INFO]: Done waiting for pending navigations. Status: ok
[1703337847.273][INFO]: [87b5a6570b27a2b3f49c19880c8c40ee] RESPONSE FindElement {
   "element-6066-11e4-a52e-4f735466cecf": "D821F7FF3E1483A5F0DFE4A6F3BFC188_element_45"
}
[1703337847.275][INFO]: [87b5a6570b27a2b3f49c19880c8c40ee] COMMAND ClickElement {
   "id": "D821F7FF3E1483A5F0DFE4A6F3BFC188_element_45"
}
[1703337847.275][INFO]: Waiting for pending navigations...
[1703337847.275][INFO]: Done waiting for pending navigations. Status: ok
[1703337847.292][INFO]: Waiting for pending navigations...
[1703337847.294][INFO]: Done waiting for pending navigations. Status: ok
[1703337847.294][INFO]: [87b5a6570b27a2b3f49c19880c8c40ee] RESPONSE ClickElement
[1703337849.306][INFO]: [87b5a6570b27a2b3f49c19880c8c40ee] COMMAND FindElement {
   "using": "xpath",
   "value": "//span[@jsname='VssY5c']"
}
[1703337849.306][INFO]: Waiting for pending navigations...
[1703337849.307][INFO]: Done waiting for pending navigations. Status: ok
[1703337849.312][INFO]: Waiting for pending navigations...
[1703337849.312][INFO]: Done waiting for pending navigations. Status: ok
[1703337849.312][INFO]: [87b5a6570b27a2b3f49c19880c8c40ee] RESPONSE FindElement {
   "element-6066-11e4-a52e-4f735466cecf": "D821F7FF3E1483A5F0DFE4A6F3BFC188_element_24"
}
[1703337849.315][INFO]: [87b5a6570b27a2b3f49c19880c8c40ee] COMMAND GetElementText {
   "id": "D821F7FF3E1483A5F0DFE4A6F3BFC188_element_24"
}
[1703337849.315][INFO]: Waiting for pending navigations...
[1703337849.315][INFO]: Done waiting for pending navigations. Status: ok
[1703337849.318][INFO]: Waiting for pending navigations...
[1703337849.318][INFO]: Done waiting for pending navigations. Status: ok
[1703337849.318][INFO]: [87b5a6570b27a2b3f49c19880c8c40ee] RESPONSE GetElementText "0"
[1703337851.326][INFO]: [87b5a6570b27a2b3f49c19880c8c40ee] COMMAND FindElement {
   "using": "xpath",
   "value": "//div[text()='2']"
}
[1703337851.326][INFO]: Waiting for pending navigations...
[1703337851.328][INFO]: Done waiting for pending navigations. Status: ok
[1703337851.334][INFO]: Waiting for pending navigations...
[1703337851.335][INFO]: Done waiting for pending navigations. Status: ok
[1703337851.335][INFO]: [87b5a6570b27a2b3f49c19880c8c40ee] RESPONSE FindElement {
   "element-6066-11e4-a52e-4f735466cecf": "D821F7FF3E1483A5F0DFE4A6F3BFC188_element_57"
}
[1703337851.337][INFO]: [87b5a6570b27a2b3f49c19880c8c40ee] COMMAND ClickElement {
   "id": "D821F7FF3E1483A5F0DFE4A6F3BFC188_element_57"
}
[1703337851.337][INFO]: Waiting for pending navigations...
[1703337851.338][INFO]: Done waiting for pending navigations. Status: ok
[1703337851.355][INFO]: Waiting for pending navigations...
[1703337851.356][INFO]: Done waiting for pending navigations. Status: ok
[1703337851.356][INFO]: [87b5a6570b27a2b3f49c19880c8c40ee] RESPONSE ClickElement
[1703337851.358][INFO]: [87b5a6570b27a2b3f49c19880c8c40ee] COMMAND FindElement {
   "using": "xpath",
   "value": "//div[text()='0']"
}
[1703337851.358][INFO]: Waiting for pending navigations...
[1703337851.359][INFO]: Done waiting for pending navigations. Status: ok
[1703337851.365][INFO]: Waiting for pending navigations...
[1703337851.365][INFO]: Done waiting for pending navigations. Status: ok
[1703337851.365][INFO]: [87b5a6570b27a2b3f49c19880c8c40ee] RESPONSE FindElement {
   "element-6066-11e4-a52e-4f735466cecf": "D821F7FF3E1483A5F0DFE4A6F3BFC188_element_52"
}
[1703337851.368][INFO]: [87b5a6570b27a2b3f49c19880c8c40ee] COMMAND ClickElement {
   "id": "D821F7FF3E1483A5F0DFE4A6F3BFC188_element_52"
}
[1703337851.368][INFO]: Waiting for pending navigations...
[1703337851.368][INFO]: Done waiting for pending navigations. Status: ok
[1703337851.384][INFO]: Waiting for pending navigations...
[1703337851.384][INFO]: Done waiting for pending navigations. Status: ok
[1703337851.384][INFO]: [87b5a6570b27a2b3f49c19880c8c40ee] RESPONSE ClickElement
[1703337851.387][INFO]: [87b5a6570b27a2b3f49c19880c8c40ee] COMMAND FindElement {
   "using": "xpath",
   "value": "//div[@jsname='WxTTNd']"
}
[1703337851.387][INFO]: Waiting for pending navigations...
[1703337851.387][INFO]: Done waiting for pending navigations. Status: ok
[1703337851.393][INFO]: Waiting for pending navigations...
[1703337851.394][INFO]: Done waiting for pending navigations. Status: ok
[1703337851.394][INFO]: [87b5a6570b27a2b3f49c19880c8c40ee] RESPONSE FindElement {
   "element-6066-11e4-a52e-4f735466cecf": "D821F7FF3E1483A5F0DFE4A6F3BFC188_element_58"
}
[1703337851.395][INFO]: [87b5a6570b27a2b3f49c19880c8c40ee] COMMAND ClickElement {
   "id": "D821F7FF3E1483A5F0DFE4A6F3BFC188_element_58"
}
[1703337851.395][INFO]: Waiting for pending navigations...
[1703337851.396][INFO]: Done waiting for pending navigations. Status: ok
[1703337851.413][INFO]: Waiting for pending navigations...
[1703337851.413][INFO]: Done waiting for pending navigations. Status: ok
[1703337851.413][INFO]: [87b5a6570b27a2b3f49c19880c8c40ee] RESPONSE ClickElement
[1703337851.416][INFO]: [87b5a6570b27a2b3f49c19880c8c40ee] COMMAND FindElement {
   "using": "xpath",
   "value": "//div[text()='4']"
}
[1703337851.416][INFO]: Waiting for pending navigations...
[1703337851.416][INFO]: Done waiting for pending navigations. Status: ok
[1703337851.422][INFO]: Waiting for pending navigations...
[1703337851.423][INFO]: Done waiting for pending navigations. Status: ok
[1703337851.423][INFO]: [87b5a6570b27a2b3f49c19880c8c40ee] RESPONSE FindElement {
   "element-6066-11e4-a52e-4f735466cecf": "D821F7FF3E1483A5F0DFE4A6F3BFC188_element_59"
}
[1703337851.424][INFO]: [87b5a6570b27a2b3f49c19880c8c40ee] COMMAND ClickElement {
   "id": "D821F7FF3E1483A5F0DFE4A6F3BFC188_element_59"
}
[1703337851.424][INFO]: Waiting for pending navigations...
[1703337851.425][INFO]: Done waiting for pending navigations. Status: ok
[1703337851.442][INFO]: Waiting for pending navigations...
[1703337851.443][INFO]: Done waiting for pending navigations. Status: ok
[1703337851.443][INFO]: [87b5a6570b27a2b3f49c19880c8c40ee] RESPONSE ClickElement
[1703337851.446][INFO]: [87b5a6570b27a2b3f49c19880c8c40ee] COMMAND FindElement {
   "using": "xpath",
   "value": "//div[text()='=']"
}
[1703337851.446][INFO]: Waiting for pending navigations...
[1703337851.446][INFO]: Done waiting for pending navigations. Status: ok
[1703337851.450][INFO]: Waiting for pending navigations...
[1703337851.450][INFO]: Done waiting for pending navigations. Status: ok
[1703337851.450][INFO]: [87b5a6570b27a2b3f49c19880c8c40ee] RESPONSE FindElement {
   "element-6066-11e4-a52e-4f735466cecf": "D821F7FF3E1483A5F0DFE4A6F3BFC188_element_40"
}
[1703337851.452][INFO]: [87b5a6570b27a2b3f49c19880c8c40ee] COMMAND ClickElement {
   "id": "D821F7FF3E1483A5F0DFE4A6F3BFC188_element_40"
}
[1703337851.452][INFO]: Waiting for pending navigations...
[1703337851.452][INFO]: Done waiting for pending navigations. Status: ok
[1703337851.469][INFO]: Waiting for pending navigations...
[1703337851.470][INFO]: Done waiting for pending navigations. Status: ok
[1703337851.470][INFO]: [87b5a6570b27a2b3f49c19880c8c40ee] RESPONSE ClickElement
[1703337853.479][INFO]: [87b5a6570b27a2b3f49c19880c8c40ee] COMMAND FindElement {
   "using": "xpath",
   "value": "//span[@jsname='VssY5c']"
}
[1703337853.479][INFO]: Waiting for pending navigations...
[1703337853.479][INFO]: Done waiting for pending navigations. Status: ok
[1703337853.483][INFO]: Waiting for pending navigations...
[1703337853.483][INFO]: Done waiting for pending navigations. Status: ok
[1703337853.483][INFO]: [87b5a6570b27a2b3f49c19880c8c40ee] RESPONSE FindElement {
   "element-6066-11e4-a52e-4f735466cecf": "D821F7FF3E1483A5F0DFE4A6F3BFC188_element_24"
}
[1703337853.485][INFO]: [87b5a6570b27a2b3f49c19880c8c40ee] COMMAND GetElementText {
   "id": "D821F7FF3E1483A5F0DFE4A6F3BFC188_element_24"
}
[1703337853.485][INFO]: Waiting for pending navigations...
[1703337853.485][INFO]: Done waiting for pending navigations. Status: ok
[1703337853.489][INFO]: Waiting for pending navigations...
[1703337853.490][INFO]: Done waiting for pending navigations. Status: ok
[1703337853.490][INFO]: [87b5a6570b27a2b3f49c19880c8c40ee] RESPONSE GetElementText "5"
[1703337853.492][INFO]: [87b5a6570b27a2b3f49c19880c8c40ee] COMMAND FindElement {
   "using": "xpath",
   "value": "//div[text()='AC']"
}
[1703337853.492][INFO]: Waiting for pending navigations...
[1703337853.493][INFO]: Done waiting for pending navigations. Status: ok
[1703337853.498][INFO]: Waiting for pending navigations...
[1703337853.498][INFO]: Done waiting for pending navigations. Status: ok
[1703337853.498][INFO]: [87b5a6570b27a2b3f49c19880c8c40ee] RESPONSE FindElement {
   "element-6066-11e4-a52e-4f735466cecf": "D821F7FF3E1483A5F0DFE4A6F3BFC188_element_45"
}
[1703337853.500][INFO]: [87b5a6570b27a2b3f49c19880c8c40ee] COMMAND ClickElement {
   "id": "D821F7FF3E1483A5F0DFE4A6F3BFC188_element_45"
}
[1703337853.500][INFO]: Waiting for pending navigations...
[1703337853.500][INFO]: Done waiting for pending navigations. Status: ok
[1703337853.520][INFO]: Waiting for pending navigations...
[1703337853.522][INFO]: Done waiting for pending navigations. Status: ok
[1703337853.522][INFO]: [87b5a6570b27a2b3f49c19880c8c40ee] RESPONSE ClickElement
[1703337855.531][INFO]: [87b5a6570b27a2b3f49c19880c8c40ee] COMMAND CloseWindow {
}
[1703337855.623][INFO]: [87b5a6570b27a2b3f49c19880c8c40ee] RESPONSE CloseWindow [  ]
